0 info it worked if it ends with ok
1 verbose cli [ '/usr/local/bin/node', '/usr/local/bin/npm', 'publish' ]
2 info using npm@1.4.23
3 info using node@v0.10.31
4 verbose node symlink /usr/local/bin/node
5 verbose publish [ '.' ]
6 verbose cache add [ '.', null ]
7 verbose cache add name=undefined spec="." args=[".",null]
8 verbose parsed url { protocol: null,
8 verbose parsed url   slashes: null,
8 verbose parsed url   auth: null,
8 verbose parsed url   host: null,
8 verbose parsed url   port: null,
8 verbose parsed url   hostname: null,
8 verbose parsed url   hash: null,
8 verbose parsed url   search: null,
8 verbose parsed url   query: null,
8 verbose parsed url   pathname: '.',
8 verbose parsed url   path: '.',
8 verbose parsed url   href: '.' }
9 silly lockFile 3a52ce78- .
10 verbose lock . /Users/jacoblane/.npm/3a52ce78-.lock
11 verbose tar pack [ '/Users/jacoblane/.npm/gulp-html-pdf/0.1.0/package.tgz', '.' ]
12 verbose tarball /Users/jacoblane/.npm/gulp-html-pdf/0.1.0/package.tgz
13 verbose folder .
14 info prepublish gulp-html-pdf@0.1.0
15 silly lockFile 1f1177db-tar tar://.
16 verbose lock tar://. /Users/jacoblane/.npm/1f1177db-tar.lock
17 silly lockFile e347eafe--gulp-html-pdf-0-1-0-package-tgz tar:///Users/jacoblane/.npm/gulp-html-pdf/0.1.0/package.tgz
18 verbose lock tar:///Users/jacoblane/.npm/gulp-html-pdf/0.1.0/package.tgz /Users/jacoblane/.npm/e347eafe--gulp-html-pdf-0-1-0-package-tgz.lock
19 silly lockFile 1f1177db-tar tar://.
20 silly lockFile 1f1177db-tar tar://.
21 silly lockFile e347eafe--gulp-html-pdf-0-1-0-package-tgz tar:///Users/jacoblane/.npm/gulp-html-pdf/0.1.0/package.tgz
22 silly lockFile e347eafe--gulp-html-pdf-0-1-0-package-tgz tar:///Users/jacoblane/.npm/gulp-html-pdf/0.1.0/package.tgz
23 silly lockFile 1dc2b9b8--npm-gulp-html-pdf-0-1-0-package /Users/jacoblane/.npm/gulp-html-pdf/0.1.0/package
24 verbose lock /Users/jacoblane/.npm/gulp-html-pdf/0.1.0/package /Users/jacoblane/.npm/1dc2b9b8--npm-gulp-html-pdf-0-1-0-package.lock
25 silly lockFile 1dc2b9b8--npm-gulp-html-pdf-0-1-0-package /Users/jacoblane/.npm/gulp-html-pdf/0.1.0/package
26 silly lockFile 1dc2b9b8--npm-gulp-html-pdf-0-1-0-package /Users/jacoblane/.npm/gulp-html-pdf/0.1.0/package
27 silly lockFile 3a52ce78- .
28 silly lockFile 3a52ce78- .
29 silly publish { name: 'gulp-html-pdf',
29 silly publish   version: '0.1.0',
29 silly publish   description: 'HTML to PDF',
29 silly publish   main: 'index.js',
29 silly publish   scripts: {},
29 silly publish   keywords: [ 'html', 'pdf' ],
29 silly publish   author: { name: 'Jacob Lane', email: 'lane.jacob@gmail.com' },
29 silly publish   license: 'MIT',
29 silly publish   dependencies:
29 silly publish    { 'gulp-util': '^3.0.3',
29 silly publish      'html-pdf': '^1.0.0',
29 silly publish      through2: '^0.6.3' },
29 silly publish   repository:
29 silly publish    { type: 'git',
29 silly publish      url: 'https://github.com/jacoblane/gulp-html-pdf.git' },
29 silly publish   readme: 'gulp-html-pdf\n=============\n\nhtml to pdf using [html-pdf](https://github.com/marcbachmann/node-html-pdf)\n\n# Install\n```\n$ npm install --save-dev gulp-html-pdf\n```\n\n# How to\n```js\nvar gulp = require(\'gulp\')\n    , pdf = require(\'gulp-html-pdf\')\n    ;\ngulp.task(\'to-pdf\').src(\'some.html\')\n  .pipe(pdf())\n  .pipe(gulp.dest(\'./\'))\n```\n\n# Options\nsee: [html-pdf](https://github.com/marcbachmann/node-html-pdf#options)\n\n# Inspired by\n[gulp-markdown-pdf](https://github.com/sindresorhus/gulp-markdown-pdf)\n',
29 silly publish   readmeFilename: 'README.md',
29 silly publish   gitHead: 'e83607f32f85be1aedfe6310b28c0e232107d59b',
29 silly publish   bugs: { url: 'https://github.com/jacoblane/gulp-html-pdf/issues' },
29 silly publish   homepage: 'https://github.com/jacoblane/gulp-html-pdf',
29 silly publish   _id: 'gulp-html-pdf@0.1.0',
29 silly publish   _shasum: 'd8a0daa8213c0e759a5f61d44edb0d8b6726143a',
29 silly publish   _from: '.' }
30 verbose request where is /gulp-html-pdf
31 verbose request registry https://registry.npmjs.org/
32 verbose request id 5d42e356855b2ba2
33 verbose url raw /gulp-html-pdf
34 verbose url resolving [ 'https://registry.npmjs.org/', './gulp-html-pdf' ]
35 verbose url resolved https://registry.npmjs.org/gulp-html-pdf
36 verbose request where is https://registry.npmjs.org/gulp-html-pdf
37 info trying registry request attempt 1 at 12:20:42
38 http PUT https://registry.npmjs.org/gulp-html-pdf
39 http 403 https://registry.npmjs.org/gulp-html-pdf
40 verbose headers { date: 'Mon, 16 Feb 2015 17:20:43 GMT',
40 verbose headers   server: 'CouchDB/1.5.0 (Erlang OTP/R16B03)',
40 verbose headers   'content-type': 'application/json',
40 verbose headers   'cache-control': 'max-age=60',
40 verbose headers   'content-length': '2659',
40 verbose headers   'accept-ranges': 'bytes',
40 verbose headers   via: '1.1 varnish',
40 verbose headers   'x-served-by': 'cache-atl6227-ATL',
40 verbose headers   'x-cache': 'MISS',
40 verbose headers   'x-cache-hits': '0',
40 verbose headers   'x-timer': 'S1424107243.315676,VS0,VE290',
40 verbose headers   'keep-alive': 'timeout=10, max=50',
40 verbose headers   connection: 'Keep-Alive' }
41 error publish Failed PUT 403
42 error Error: forbidden cannot modify pre-existing version: 0.1.0
42 error old={"name":"gulp-html-pdf","version":"0.1.0","description":"HTML to PDF","main":"index.js","scripts":{},"keywords":["html","pdf"],"author":{"name":"Jacob Lane","email":"lane.jacob@gmail.com"},"license":"MIT","dependencies":{"gulp-util":"^3.0.3","html-pdf":"^1.0.0","through2":"^0.6.3"},"gitHead":"bf25220d75ed170b939e1b56d3e006ebeaff9218","_id":"gulp-html-pdf@0.1.0","_shasum":"93fdbc41d0c6f811eaa7baf0b2f1568a8aa43414","_from":"./","_npmVersion":"1.4.23","_npmUser":{"name":"jacoblane","email":"lane.jacob@gmail.com"},"maintainers":[{"name":"jacoblane","email":"lane.jacob@gmail.com"}],"dist":{"shasum":"93fdbc41d0c6f811eaa7baf0b2f1568a8aa43414","tarball":"http://registry.npmjs.org/gulp-html-pdf/-/gulp-html-pdf-0.1.0.tgz"}}
42 error new={"name":"gulp-html-pdf","version":"0.1.0","description":"HTML to PDF","main":"index.js","scripts":{},"keywords":["html","pdf"],"author":{"name":"Jacob Lane","email":"lane.jacob@gmail.com"},"license":"MIT","dependencies":{"gulp-util":"^3.0.3","html-pdf":"^1.0.0","through2":"^0.6.3"},"repository":{"type":"git","url":"https://github.com/jacoblane/gulp-html-pdf.git"},"readme":"gulp-html-pdf\u000a=============\u000a\u000ahtml to pdf using [html-pdf](https://github.com/marcbachmann/node-html-pdf)\u000a\u000a# Install\u000a```\u000a$ npm install --save-dev gulp-html-pdf\u000a```\u000a\u000a# How to\u000a```js\u000avar gulp = require('gulp')\u000a    , pdf = require('gulp-html-pdf')\u000a    ;\u000agulp.task('to-pdf').src('some.html')\u000a  .pipe(pdf())\u000a  .pipe(gulp.dest('./'))\u000a```\u000a\u000a# Options\u000asee: [html-pdf](https://github.com/marcbachmann/node-html-pdf#options)\u000a\u000a# Inspired by\u000a[gulp-markdown-pdf](https://github.com/sindresorhus/gulp-markdown-pdf)\u000a","readmeFilename":"README.md","gitHead":"e83607f32f85be1aedfe6310b28c0e232107d59b","bugs":{"url":"https://github.com/jacoblane/gulp-html-pdf/issues"},"homepage":"https://github.com/jacoblane/gulp-html-pdf","_id":"gulp-html-pdf@0.1.0","_shasum":"d8a0daa8213c0e759a5f61d44edb0d8b6726143a","_from":".","_npmVersion":"1.4.23","_npmUser":{"name":"jacoblane","email":"lane.jacob@gmail.com"},"maintainers":[{"name":"jacoblane","email":"lane.jacob@gmail.com"}],"dist":{"shasum":"d8a0daa8213c0e759a5f61d44edb0d8b6726143a","tarball":"http://registry.npmjs.org/gulp-html-pdf/-/gulp-html-pdf-0.1.0.tgz"}}: gulp-html-pdf
42 error     at RegClient.<anonymous> (/usr/local/Cellar/node/0.8.22/lib/node_modules/npm/node_modules/npm-registry-client/lib/request.js:300:14)
42 error     at Request._callback (/usr/local/Cellar/node/0.8.22/lib/node_modules/npm/node_modules/npm-registry-client/lib/request.js:238:65)
42 error     at Request.self.callback (/usr/local/Cellar/node/0.8.22/lib/node_modules/npm/node_modules/request/request.js:123:22)
42 error     at Request.emit (events.js:98:17)
42 error     at Request.<anonymous> (/usr/local/Cellar/node/0.8.22/lib/node_modules/npm/node_modules/request/request.js:893:14)
42 error     at Request.emit (events.js:117:20)
42 error     at IncomingMessage.<anonymous> (/usr/local/Cellar/node/0.8.22/lib/node_modules/npm/node_modules/request/request.js:844:12)
42 error     at IncomingMessage.emit (events.js:117:20)
42 error     at _stream_readable.js:943:16
42 error     at process._tickCallback (node.js:419:13)
43 error If you need help, you may report this *entire* log,
43 error including the npm and node versions, at:
43 error     <http://github.com/npm/npm/issues>
44 error System Darwin 13.4.0
45 error command "/usr/local/bin/node" "/usr/local/bin/npm" "publish"
46 error cwd /Users/jacoblane/Sites/gulp-html-pdf
47 error node -v v0.10.31
48 error npm -v 1.4.23
49 verbose exit [ 1, true ]
